E:\TMP\TESTSTDHANDLE\CHILD\DEBUG\CHILD.EXE.EMBED.MANIFEST
E:\TMP\TESTSTDHANDLE\CHILD\DEBUG\CHILD.EXE.EMBED.MANIFEST.RES
E:\TMP\TESTSTDHANDLE\CHILD\DEBUG\CHILD.EXE.INTERMEDIATE.MANIFEST
E:\TMP\TESTSTDHANDLE\CHILD\DEBUG\CHILD.OBJ
E:\TMP\TESTSTDHANDLE\CHILD\DEBUG\CHILD.PCH
E:\tmp\testStdHandle\child\Debug\child.vcxprojResolveAssemblyReference.cache
E:\tmp\testStdHandle\child\Debug\child.write.1.tlog
E:\tmp\testStdHandle\child\Debug\child_manifest.rc
E:\tmp\testStdHandle\child\Debug\cl.command.1.tlog
E:\tmp\testStdHandle\child\Debug\CL.read.1.tlog
E:\tmp\testStdHandle\child\Debug\CL.write.1.tlog
E:\tmp\testStdHandle\child\Debug\link.2948.read.1.tlog
E:\tmp\testStdHandle\child\Debug\link.2948.write.1.tlog
E:\tmp\testStdHandle\child\Debug\link.2948-cvtres.read.1.tlog
E:\tmp\testStdHandle\child\Debug\link.2948-cvtres.write.1.tlog
E:\tmp\testStdHandle\child\Debug\link.5540.read.1.tlog
E:\tmp\testStdHandle\child\Debug\link.5540.write.1.tlog
E:\tmp\testStdHandle\child\Debug\link.5540-cvtres.read.1.tlog
E:\tmp\testStdHandle\child\Debug\link.5540-cvtres.write.1.tlog
E:\tmp\testStdHandle\child\Debug\link.5644.read.1.tlog
E:\tmp\testStdHandle\child\Debug\link.5644.write.1.tlog
E:\tmp\testStdHandle\child\Debug\link.5644-cvtres.read.1.tlog
E:\tmp\testStdHandle\child\Debug\link.5644-cvtres.write.1.tlog
E:\tmp\testStdHandle\child\Debug\link.command.1.tlog
E:\tmp\testStdHandle\child\Debug\link.read.1.tlog
E:\tmp\testStdHandle\child\Debug\link.write.1.tlog
E:\tmp\testStdHandle\child\Debug\link-cvtres.read.1.tlog
E:\tmp\testStdHandle\child\Debug\link-cvtres.write.1.tlog
E:\tmp\testStdHandle\child\Debug\mt.command.1.tlog
E:\tmp\testStdHandle\child\Debug\mt.read.1.tlog
E:\tmp\testStdHandle\child\Debug\mt.write.1.tlog
E:\tmp\testStdHandle\child\Debug\rc.command.1.tlog
E:\tmp\testStdHandle\child\Debug\rc.read.1.tlog
E:\tmp\testStdHandle\child\Debug\rc.write.1.tlog
E:\TMP\TESTSTDHANDLE\CHILD\DEBUG\STDAFX.OBJ
E:\tmp\testStdHandle\child\Debug\vc100.idb
E:\TMP\TESTSTDHANDLE\CHILD\DEBUG\VC100.PDB
E:\tmp\testStdHandle\Debug\child.exe
E:\tmp\testStdHandle\Debug\child.ilk
E:\tmp\testStdHandle\Debug\child.pdb
E:\TMP\TESTSTDHANDLE\WORK\100.PDB
E:\TMP\TESTSTDHANDLE\WORK\CHILD.EXE
E:\TMP\TESTSTDHANDLE\WORK\CHILD.ILK
E:\TMP\TESTSTDHANDLE\WORK\CHILD.PDB
